-------------------------------------------------------------------------------
Test set: com.gaksvytech.fieldservice.FieldserviceApiApplicationTests
-------------------------------------------------------------------------------
Tests run: 1, Failures: 0, Errors: 1, Skipped: 0, Time elapsed: 6.793 s <<< FAILURE! - in com.gaksvytech.fieldservice.FieldserviceApiApplicationTests
contextLoads(com.gaksvytech.fieldservice.FieldserviceApiApplicationTests)  Time elapsed: 0.003 s  <<< ERROR!
java.lang.IllegalStateException: Failed to load ApplicationContext
Caused by: org.springframework.beans.factory.BeanCreationException: Error creating bean with name 'entityManagerFactory' defined in class path resource [org/springframework/boot/autoconfigure/orm/jpa/HibernateJpaConfiguration.class]: Invocation of init method failed; nested exception is org.hibernate.AnnotationException: Only one generator annotation is allowed:com.gaksvytech.fieldservice.entity.Users.created
Caused by: org.hibernate.AnnotationException: Only one generator annotation is allowed:com.gaksvytech.fieldservice.entity.Users.created

