-------------------------------------------------------------------------------
Test set: com.gaksvytech.fieldservice.FieldserviceApiApplicationTests
-------------------------------------------------------------------------------
Tests run: 1, Failures: 0, Errors: 1, Skipped: 0, Time elapsed: 9.261 s <<< FAILURE! - in com.gaksvytech.fieldservice.FieldserviceApiApplicationTests
contextLoads(com.gaksvytech.fieldservice.FieldserviceApiApplicationTests)  Time elapsed: 0.003 s  <<< ERROR!
java.lang.IllegalStateException: Failed to load ApplicationContext
Caused by: org.springframework.beans.factory.UnsatisfiedDependencyException: Error creating bean with name 'eventContoller': Unsatisfied dependency expressed through field 'eventRepository'; nested exception is org.springframework.beans.factory.BeanCreationException: Error creating bean with name 'eventRepository': Invocation of init method failed; nested exception is java.lang.IllegalArgumentException: Failed to create query for method public abstract java.util.List com.gaksvytech.fieldservice.repository.EventRepository.findByNameAndEmail(java.lang.String,java.lang.String)! No property email found for type Events!
Caused by: org.springframework.beans.factory.BeanCreationException: Error creating bean with name 'eventRepository': Invocation of init method failed; nested exception is java.lang.IllegalArgumentException: Failed to create query for method public abstract java.util.List com.gaksvytech.fieldservice.repository.EventRepository.findByNameAndEmail(java.lang.String,java.lang.String)! No property email found for type Events!
Caused by: java.lang.IllegalArgumentException: Failed to create query for method public abstract java.util.List com.gaksvytech.fieldservice.repository.EventRepository.findByNameAndEmail(java.lang.String,java.lang.String)! No property email found for type Events!
Caused by: org.springframework.data.mapping.PropertyReferenceException: No property email found for type Events!

